<?xml version="1.0" encoding="UTF-8"?>
<!-- Generated by org.testng.reporters.JUnitReportReporter -->
<testsuite skipped="0" hostname="DESKTOP-4BMDEA7" name="scripts.InvalidData" tests="1" failures="0" timestamp="05 Nov 2017 17:10:51 GMT" time="17.635" errors="0">
  <testcase name="TestInvalidData" time="17.635" classname="scripts.InvalidData"/>
</testsuite> <!-- scripts.InvalidData -->
