<?xml version="1.0" encoding="UTF-8"?>
<!-- Generated by org.testng.reporters.JUnitReportReporter -->
<testsuite skipped="0" hostname="DESKTOP-4BMDEA7" name="scripts.NoData" tests="1" failures="0" timestamp="05 Nov 2017 17:10:51 GMT" time="11.828" errors="0">
  <testcase name="emptyData" time="11.828" classname="scripts.NoData"/>
</testsuite> <!-- scripts.NoData -->
