<?xml version="1.0" encoding="UTF-8"?>
<!-- Generated by org.testng.reporters.JUnitReportReporter -->
<testsuite skipped="0" hostname="DESKTOP-4BMDEA7" name="scripts.UniquenessCheck" tests="2" failures="0" timestamp="05 Nov 2017 17:10:51 GMT" time="25.184" errors="0">
  <testcase name="TestUniqueness" time="12.150" classname="scripts.UniquenessCheck"/>
  <testcase name="TestUniqueness" time="13.034" classname="scripts.UniquenessCheck"/>
</testsuite> <!-- scripts.UniquenessCheck -->
