<?xml version="1.0" encoding="UTF-8"?>
<!-- Generated by org.testng.reporters.JUnitReportReporter -->
<testsuite skipped="0" hostname="DESKTOP-4BMDEA7" name="scripts.PwdMismatch" tests="1" failures="0" timestamp="05 Nov 2017 17:10:51 GMT" time="13.292" errors="0">
  <testcase name="TestPwdMismatch" time="13.292" classname="scripts.PwdMismatch"/>
</testsuite> <!-- scripts.PwdMismatch -->
